
*** Running vivado
    with args -log mux2_top.vds -m64 -product Vivado -mode batch -messageDb vivado.pb -notrace -source mux2_top.tcl



****** Vivado v2020.1 (64-bit)
  **** SW Build 2902540 on Wed May 27 19:54:49 MDT 2020
  **** IP Build 2902112 on Wed May 27 22:43:36 MDT 2020
    ** Copyright 1986-2020 Xilinx, Inc. All Rights Reserved.

source mux2_top.tcl -notrace
Command: synth_design -top mux2_top -part xc7a35tcpg236-1
Starting synth_design
Attempting to get a license for feature 'Synthesis' and/or device 'xc7a35t'
INFO: [Common 17-349] Got license for feature 'Synthesis' and/or device 'xc7a35t'
INFO: [Device 21-403] Loading part xc7a35tcpg236-1
INFO: [Synth 8-7079] Multithreading enabled for synth_design using a maximum of 2 processes.
INFO: [Synth 8-7078] Launching helper process for spawning children vivado processes
INFO: [Synth 8-7075] Helper process launched with PID 19824
---------------------------------------------------------------------------------
Starting RTL Elaboration : Time (s): cpu = 00:00:06 ; elapsed = 00:00:07 . Memory (MB): peak = 1015.875 ; gain = 0.000
---------------------------------------------------------------------------------
INFO: [Synth 8-6157] synthesizing module 'mux2_top' [C:/Users/alica/OneDrive/Desktop/basys3_book_alican/SV_Design_FPGA/combinational_mux2/combinational_mux2.srcs/sources_1/new/mux2_top.sv:23]
INFO: [Synth 8-6155] done synthesizing module 'mux2_top' (1#1) [C:/Users/alica/OneDrive/Desktop/basys3_book_alican/SV_Design_FPGA/combinational_mux2/combinational_mux2.srcs/sources_1/new/mux2_top.sv:23]
---------------------------------------------------------------------------------
Finished RTL Elaboration : Time (s): cpu = 00:00:07 ; elapsed = 00:00:08 . Memory (MB): peak = 1015.875 ; gain = 0.000
---------------------------------------------------------------------------------
---------------------------------------------------------------------------------
Start Handling Custom Attributes
---------------------------------------------------------------------------------
---------------------------------------------------------------------------------
Finished Handling Custom Attributes : Time (s): cpu = 00:00:08 ; elapsed = 00:00:09 . Memory (MB): peak = 1015.875 ; gain = 0.000
---------------------------------------------------------------------------------
---------------------------------------------------------------------------------
Finished RTL Optimization Phase 1 : Time (s): cpu = 00:00:08 ; elapsed = 00:00:09 . Memory (MB): peak = 1015.875 ; gain = 0.000
---------------------------------------------------------------------------------
Netlist sorting complete. Time (s): cpu = 00:00:00 ; elapsed = 00:00:00 . Memory (MB): peak = 1015.875 ; gain = 0.000
INFO: [Project 1-570] Preparing netlist for logic optimization

Processing XDC Constraints
Initializing timing engine
Parsing XDC File [C:/Users/alica/OneDrive/Desktop/basys3_book_alican/SV_Design_FPGA/combinational_mux2/combinational_mux2.srcs/constrs_1/new/basys3_master.xdc]
WARNING: [Vivado 12-584] No ports matched 'CLK'. [C:/Users/alica/OneDrive/Desktop/basys3_book_alican/SV_Design_FPGA/combinational_mux2/combinational_mux2.srcs/constrs_1/new/basys3_master.xdc:8]
CRITICAL WARNING: [Common 17-55] 'set_property' expects at least one object. [C:/Users/alica/OneDrive/Desktop/basys3_book_alican/SV_Design_FPGA/combinational_mux2/combinational_mux2.srcs/constrs_1/new/basys3_master.xdc:8]
Resolution: If [get_<value>] was used to populate the object, check to make sure this command returns at least one valid object.
WARNING: [Vivado 12-584] No ports matched 'CLK'. [C:/Users/alica/OneDrive/Desktop/basys3_book_alican/SV_Design_FPGA/combinational_mux2/combinational_mux2.srcs/constrs_1/new/basys3_master.xdc:9]
CRITICAL WARNING: [Common 17-55] 'set_property' expects at least one object. [C:/Users/alica/OneDrive/Desktop/basys3_book_alican/SV_Design_FPGA/combinational_mux2/combinational_mux2.srcs/constrs_1/new/basys3_master.xdc:9]
Resolution: If [get_<value>] was used to populate the object, check to make sure this command returns at least one valid object.
WARNING: [Vivado 12-584] No ports matched 'CLK'. [C:/Users/alica/OneDrive/Desktop/basys3_book_alican/SV_Design_FPGA/combinational_mux2/combinational_mux2.srcs/constrs_1/new/basys3_master.xdc:10]
CRITICAL WARNING: [Vivado 12-4739] create_clock:No valid object(s) found for '-objects [get_ports CLK]'. [C:/Users/alica/OneDrive/Desktop/basys3_book_alican/SV_Design_FPGA/combinational_mux2/combinational_mux2.srcs/constrs_1/new/basys3_master.xdc:10]
Resolution: Check if the specified object(s) exists in the current design. If it does, ensure that the correct design hierarchy was specified for the object. If you are working with clocks, make sure create_clock was used to create the clock object before it is referenced.
WARNING: [Vivado 12-584] No ports matched 'SW[3]'. [C:/Users/alica/OneDrive/Desktop/basys3_book_alican/SV_Design_FPGA/combinational_mux2/combinational_mux2.srcs/constrs_1/new/basys3_master.xdc:19]
CRITICAL WARNING: [Common 17-55] 'set_property' expects at least one object. [C:/Users/alica/OneDrive/Desktop/basys3_book_alican/SV_Design_FPGA/combinational_mux2/combinational_mux2.srcs/constrs_1/new/basys3_master.xdc:19]
Resolution: If [get_<value>] was used to populate the object, check to make sure this command returns at least one valid object.
WARNING: [Vivado 12-584] No ports matched 'SW[3]'. [C:/Users/alica/OneDrive/Desktop/basys3_book_alican/SV_Design_FPGA/combinational_mux2/combinational_mux2.srcs/constrs_1/new/basys3_master.xdc:20]
CRITICAL WARNING: [Common 17-55] 'set_property' expects at least one object. [C:/Users/alica/OneDrive/Desktop/basys3_book_alican/SV_Design_FPGA/combinational_mux2/combinational_mux2.srcs/constrs_1/new/basys3_master.xdc:20]
Resolution: If [get_<value>] was used to populate the object, check to make sure this command returns at least one valid object.
WARNING: [Vivado 12-584] No ports matched 'SW[4]'. [C:/Users/alica/OneDrive/Desktop/basys3_book_alican/SV_Design_FPGA/combinational_mux2/combinational_mux2.srcs/constrs_1/new/basys3_master.xdc:21]
CRITICAL WARNING: [Common 17-55] 'set_property' expects at least one object. [C:/Users/alica/OneDrive/Desktop/basys3_book_alican/SV_Design_FPGA/combinational_mux2/combinational_mux2.srcs/constrs_1/new/basys3_master.xdc:21]
Resolution: If [get_<value>] was used to populate the object, check to make sure this command returns at least one valid object.
WARNING: [Vivado 12-584] No ports matched 'SW[4]'. [C:/Users/alica/OneDrive/Desktop/basys3_book_alican/SV_Design_FPGA/combinational_mux2/combinational_mux2.srcs/constrs_1/new/basys3_master.xdc:22]
CRITICAL WARNING: [Common 17-55] 'set_property' expects at least one object. [C:/Users/alica/OneDrive/Desktop/basys3_book_alican/SV_Design_FPGA/combinational_mux2/combinational_mux2.srcs/constrs_1/new/basys3_master.xdc:22]
Resolution: If [get_<value>] was used to populate the object, check to make sure this command returns at least one valid object.
WARNING: [Vivado 12-584] No ports matched 'SW[5]'. [C:/Users/alica/OneDrive/Desktop/basys3_book_alican/SV_Design_FPGA/combinational_mux2/combinational_mux2.srcs/constrs_1/new/basys3_master.xdc:23]
CRITICAL WARNING: [Common 17-55] 'set_property' expects at least one object. [C:/Users/alica/OneDrive/Desktop/basys3_book_alican/SV_Design_FPGA/combinational_mux2/combinational_mux2.srcs/constrs_1/new/basys3_master.xdc:23]
Resolution: If [get_<value>] was used to populate the object, check to make sure this command returns at least one valid object.
WARNING: [Vivado 12-584] No ports matched 'SW[5]'. [C:/Users/alica/OneDrive/Desktop/basys3_book_alican/SV_Design_FPGA/combinational_mux2/combinational_mux2.srcs/constrs_1/new/basys3_master.xdc:24]
CRITICAL WARNING: [Common 17-55] 'set_property' expects at least one object. [C:/Users/alica/OneDrive/Desktop/basys3_book_alican/SV_Design_FPGA/combinational_mux2/combinational_mux2.srcs/constrs_1/new/basys3_master.xdc:24]
Resolution: If [get_<value>] was used to populate the object, check to make sure this command returns at least one valid object.
WARNING: [Vivado 12-584] No ports matched 'SW[6]'. [C:/Users/alica/OneDrive/Desktop/basys3_book_alican/SV_Design_FPGA/combinational_mux2/combinational_mux2.srcs/constrs_1/new/basys3_master.xdc:25]
CRITICAL WARNING: [Common 17-55] 'set_property' expects at least one object. [C:/Users/alica/OneDrive/Desktop/basys3_book_alican/SV_Design_FPGA/combinational_mux2/combinational_mux2.srcs/constrs_1/new/basys3_master.xdc:25]
Resolution: If [get_<value>] was used to populate the object, check to make sure this command returns at least one valid object.
WARNING: [Vivado 12-584] No ports matched 'SW[6]'. [C:/Users/alica/OneDrive/Desktop/basys3_book_alican/SV_Design_FPGA/combinational_mux2/combinational_mux2.srcs/constrs_1/new/basys3_master.xdc:26]
CRITICAL WARNING: [Common 17-55] 'set_property' expects at least one object. [C:/Users/alica/OneDrive/Desktop/basys3_book_alican/SV_Design_FPGA/combinational_mux2/combinational_mux2.srcs/constrs_1/new/basys3_master.xdc:26]
Resolution: If [get_<value>] was used to populate the object, check to make sure this command returns at least one valid object.
WARNING: [Vivado 12-584] No ports matched 'SW[7]'. [C:/Users/alica/OneDrive/Desktop/basys3_book_alican/SV_Design_FPGA/combinational_mux2/combinational_mux2.srcs/constrs_1/new/basys3_master.xdc:27]
CRITICAL WARNING: [Common 17-55] 'set_property' expects at least one object. [C:/Users/alica/OneDrive/Desktop/basys3_book_alican/SV_Design_FPGA/combinational_mux2/combinational_mux2.srcs/constrs_1/new/basys3_master.xdc:27]
Resolution: If [get_<value>] was used to populate the object, check to make sure this command returns at least one valid object.
WARNING: [Vivado 12-584] No ports matched 'SW[7]'. [C:/Users/alica/OneDrive/Desktop/basys3_book_alican/SV_Design_FPGA/combinational_mux2/combinational_mux2.srcs/constrs_1/new/basys3_master.xdc:28]
CRITICAL WARNING: [Common 17-55] 'set_property' expects at least one object. [C:/Users/alica/OneDrive/Desktop/basys3_book_alican/SV_Design_FPGA/combinational_mux2/combinational_mux2.srcs/constrs_1/new/basys3_master.xdc:28]
Resolution: If [get_<value>] was used to populate the object, check to make sure this command returns at least one valid object.
WARNING: [Vivado 12-584] No ports matched 'SW[8]'. [C:/Users/alica/OneDrive/Desktop/basys3_book_alican/SV_Design_FPGA/combinational_mux2/combinational_mux2.srcs/constrs_1/new/basys3_master.xdc:29]
CRITICAL WARNING: [Common 17-55] 'set_property' expects at least one object. [C:/Users/alica/OneDrive/Desktop/basys3_book_alican/SV_Design_FPGA/combinational_mux2/combinational_mux2.srcs/constrs_1/new/basys3_master.xdc:29]
Resolution: If [get_<value>] was used to populate the object, check to make sure this command returns at least one valid object.
WARNING: [Vivado 12-584] No ports matched 'SW[8]'. [C:/Users/alica/OneDrive/Desktop/basys3_book_alican/SV_Design_FPGA/combinational_mux2/combinational_mux2.srcs/constrs_1/new/basys3_master.xdc:30]
CRITICAL WARNING: [Common 17-55] 'set_property' expects at least one object. [C:/Users/alica/OneDrive/Desktop/basys3_book_alican/SV_Design_FPGA/combinational_mux2/combinational_mux2.srcs/constrs_1/new/basys3_master.xdc:30]
Resolution: If [get_<value>] was used to populate the object, check to make sure this command returns at least one valid object.
WARNING: [Vivado 12-584] No ports matched 'SW[9]'. [C:/Users/alica/OneDrive/Desktop/basys3_book_alican/SV_Design_FPGA/combinational_mux2/combinational_mux2.srcs/constrs_1/new/basys3_master.xdc:31]
CRITICAL WARNING: [Common 17-55] 'set_property' expects at least one object. [C:/Users/alica/OneDrive/Desktop/basys3_book_alican/SV_Design_FPGA/combinational_mux2/combinational_mux2.srcs/constrs_1/new/basys3_master.xdc:31]
Resolution: If [get_<value>] was used to populate the object, check to make sure this command returns at least one valid object.
WARNING: [Vivado 12-584] No ports matched 'SW[9]'. [C:/Users/alica/OneDrive/Desktop/basys3_book_alican/SV_Design_FPGA/combinational_mux2/combinational_mux2.srcs/constrs_1/new/basys3_master.xdc:32]
CRITICAL WARNING: [Common 17-55] 'set_property' expects at least one object. [C:/Users/alica/OneDrive/Desktop/basys3_book_alican/SV_Design_FPGA/combinational_mux2/combinational_mux2.srcs/constrs_1/new/basys3_master.xdc:32]
Resolution: If [get_<value>] was used to populate the object, check to make sure this command returns at least one valid object.
WARNING: [Vivado 12-584] No ports matched 'SW[10]'. [C:/Users/alica/OneDrive/Desktop/basys3_book_alican/SV_Design_FPGA/combinational_mux2/combinational_mux2.srcs/constrs_1/new/basys3_master.xdc:33]
CRITICAL WARNING: [Common 17-55] 'set_property' expects at least one object. [C:/Users/alica/OneDrive/Desktop/basys3_book_alican/SV_Design_FPGA/combinational_mux2/combinational_mux2.srcs/constrs_1/new/basys3_master.xdc:33]
Resolution: If [get_<value>] was used to populate the object, check to make sure this command returns at least one valid object.
WARNING: [Vivado 12-584] No ports matched 'SW[10]'. [C:/Users/alica/OneDrive/Desktop/basys3_book_alican/SV_Design_FPGA/combinational_mux2/combinational_mux2.srcs/constrs_1/new/basys3_master.xdc:34]
CRITICAL WARNING: [Common 17-55] 'set_property' expects at least one object. [C:/Users/alica/OneDrive/Desktop/basys3_book_alican/SV_Design_FPGA/combinational_mux2/combinational_mux2.srcs/constrs_1/new/basys3_master.xdc:34]
Resolution: If [get_<value>] was used to populate the object, check to make sure this command returns at least one valid object.
WARNING: [Vivado 12-584] No ports matched 'SW[11]'. [C:/Users/alica/OneDrive/Desktop/basys3_book_alican/SV_Design_FPGA/combinational_mux2/combinational_mux2.srcs/constrs_1/new/basys3_master.xdc:35]
CRITICAL WARNING: [Common 17-55] 'set_property' expects at least one object. [C:/Users/alica/OneDrive/Desktop/basys3_book_alican/SV_Design_FPGA/combinational_mux2/combinational_mux2.srcs/constrs_1/new/basys3_master.xdc:35]
Resolution: If [get_<value>] was used to populate the object, check to make sure this command returns at least one valid object.
WARNING: [Vivado 12-584] No ports matched 'SW[11]'. [C:/Users/alica/OneDrive/Desktop/basys3_book_alican/SV_Design_FPGA/combinational_mux2/combinational_mux2.srcs/constrs_1/new/basys3_master.xdc:36]
CRITICAL WARNING: [Common 17-55] 'set_property' expects at least one object. [C:/Users/alica/OneDrive/Desktop/basys3_book_alican/SV_Design_FPGA/combinational_mux2/combinational_mux2.srcs/constrs_1/new/basys3_master.xdc:36]
Resolution: If [get_<value>] was used to populate the object, check to make sure this command returns at least one valid object.
WARNING: [Vivado 12-584] No ports matched 'SW[12]'. [C:/Users/alica/OneDrive/Desktop/basys3_book_alican/SV_Design_FPGA/combinational_mux2/combinational_mux2.srcs/constrs_1/new/basys3_master.xdc:37]
CRITICAL WARNING: [Common 17-55] 'set_property' expects at least one object. [C:/Users/alica/OneDrive/Desktop/basys3_book_alican/SV_Design_FPGA/combinational_mux2/combinational_mux2.srcs/constrs_1/new/basys3_master.xdc:37]
Resolution: If [get_<value>] was used to populate the object, check to make sure this command returns at least one valid object.
WARNING: [Vivado 12-584] No ports matched 'SW[12]'. [C:/Users/alica/OneDrive/Desktop/basys3_book_alican/SV_Design_FPGA/combinational_mux2/combinational_mux2.srcs/constrs_1/new/basys3_master.xdc:38]
CRITICAL WARNING: [Common 17-55] 'set_property' expects at least one object. [C:/Users/alica/OneDrive/Desktop/basys3_book_alican/SV_Design_FPGA/combinational_mux2/combinational_mux2.srcs/constrs_1/new/basys3_master.xdc:38]
Resolution: If [get_<value>] was used to populate the object, check to make sure this command returns at least one valid object.
WARNING: [Vivado 12-584] No ports matched 'SW[13]'. [C:/Users/alica/OneDrive/Desktop/basys3_book_alican/SV_Design_FPGA/combinational_mux2/combinational_mux2.srcs/constrs_1/new/basys3_master.xdc:39]
CRITICAL WARNING: [Common 17-55] 'set_property' expects at least one object. [C:/Users/alica/OneDrive/Desktop/basys3_book_alican/SV_Design_FPGA/combinational_mux2/combinational_mux2.srcs/constrs_1/new/basys3_master.xdc:39]
Resolution: If [get_<value>] was used to populate the object, check to make sure this command returns at least one valid object.
WARNING: [Vivado 12-584] No ports matched 'SW[13]'. [C:/Users/alica/OneDrive/Desktop/basys3_book_alican/SV_Design_FPGA/combinational_mux2/combinational_mux2.srcs/constrs_1/new/basys3_master.xdc:40]
CRITICAL WARNING: [Common 17-55] 'set_property' expects at least one object. [C:/Users/alica/OneDrive/Desktop/basys3_book_alican/SV_Design_FPGA/combinational_mux2/combinational_mux2.srcs/constrs_1/new/basys3_master.xdc:40]
Resolution: If [get_<value>] was used to populate the object, check to make sure this command returns at least one valid object.
WARNING: [Vivado 12-584] No ports matched 'SW[14]'. [C:/Users/alica/OneDrive/Desktop/basys3_book_alican/SV_Design_FPGA/combinational_mux2/combinational_mux2.srcs/constrs_1/new/basys3_master.xdc:41]
CRITICAL WARNING: [Common 17-55] 'set_property' expects at least one object. [C:/Users/alica/OneDrive/Desktop/basys3_book_alican/SV_Design_FPGA/combinational_mux2/combinational_mux2.srcs/constrs_1/new/basys3_master.xdc:41]
Resolution: If [get_<value>] was used to populate the object, check to make sure this command returns at least one valid object.
WARNING: [Vivado 12-584] No ports matched 'SW[14]'. [C:/Users/alica/OneDrive/Desktop/basys3_book_alican/SV_Design_FPGA/combinational_mux2/combinational_mux2.srcs/constrs_1/new/basys3_master.xdc:42]
CRITICAL WARNING: [Common 17-55] 'set_property' expects at least one object. [C:/Users/alica/OneDrive/Desktop/basys3_book_alican/SV_Design_FPGA/combinational_mux2/combinational_mux2.srcs/constrs_1/new/basys3_master.xdc:42]
Resolution: If [get_<value>] was used to populate the object, check to make sure this command returns at least one valid object.
WARNING: [Vivado 12-584] No ports matched 'SW[15]'. [C:/Users/alica/OneDrive/Desktop/basys3_book_alican/SV_Design_FPGA/combinational_mux2/combinational_mux2.srcs/constrs_1/new/basys3_master.xdc:43]
CRITICAL WARNING: [Common 17-55] 'set_property' expects at least one object. [C:/Users/alica/OneDrive/Desktop/basys3_book_alican/SV_Design_FPGA/combinational_mux2/combinational_mux2.srcs/constrs_1/new/basys3_master.xdc:43]
Resolution: If [get_<value>] was used to populate the object, check to make sure this command returns at least one valid object.
WARNING: [Vivado 12-584] No ports matched 'SW[15]'. [C:/Users/alica/OneDrive/Desktop/basys3_book_alican/SV_Design_FPGA/combinational_mux2/combinational_mux2.srcs/constrs_1/new/basys3_master.xdc:44]
CRITICAL WARNING: [Common 17-55] 'set_property' expects at least one object. [C:/Users/alica/OneDrive/Desktop/basys3_book_alican/SV_Design_FPGA/combinational_mux2/combinational_mux2.srcs/constrs_1/new/basys3_master.xdc:44]
Resolution: If [get_<value>] was used to populate the object, check to make sure this command returns at least one valid object.
WARNING: [Vivado 12-584] No ports matched 'LED[1]'. [C:/Users/alica/OneDrive/Desktop/basys3_book_alican/SV_Design_FPGA/combinational_mux2/combinational_mux2.srcs/constrs_1/new/basys3_master.xdc:50]
CRITICAL WARNING: [Common 17-55] 'set_property' expects at least one object. [C:/Users/alica/OneDrive/Desktop/basys3_book_alican/SV_Design_FPGA/combinational_mux2/combinational_mux2.srcs/constrs_1/new/basys3_master.xdc:50]
Resolution: If [get_<value>] was used to populate the object, check to make sure this command returns at least one valid object.
WARNING: [Vivado 12-584] No ports matched 'LED[1]'. [C:/Users/alica/OneDrive/Desktop/basys3_book_alican/SV_Design_FPGA/combinational_mux2/combinational_mux2.srcs/constrs_1/new/basys3_master.xdc:51]
CRITICAL WARNING: [Common 17-55] 'set_property' expects at least one object. [C:/Users/alica/OneDrive/Desktop/basys3_book_alican/SV_Design_FPGA/combinational_mux2/combinational_mux2.srcs/constrs_1/new/basys3_master.xdc:51]
Resolution: If [get_<value>] was used to populate the object, check to make sure this command returns at least one valid object.
WARNING: [Vivado 12-584] No ports matched 'LED[2]'. [C:/Users/alica/OneDrive/Desktop/basys3_book_alican/SV_Design_FPGA/combinational_mux2/combinational_mux2.srcs/constrs_1/new/basys3_master.xdc:52]
CRITICAL WARNING: [Common 17-55] 'set_property' expects at least one object. [C:/Users/alica/OneDrive/Desktop/basys3_book_alican/SV_Design_FPGA/combinational_mux2/combinational_mux2.srcs/constrs_1/new/basys3_master.xdc:52]
Resolution: If [get_<value>] was used to populate the object, check to make sure this command returns at least one valid object.
WARNING: [Vivado 12-584] No ports matched 'LED[2]'. [C:/Users/alica/OneDrive/Desktop/basys3_book_alican/SV_Design_FPGA/combinational_mux2/combinational_mux2.srcs/constrs_1/new/basys3_master.xdc:53]
CRITICAL WARNING: [Common 17-55] 'set_property' expects at least one object. [C:/Users/alica/OneDrive/Desktop/basys3_book_alican/SV_Design_FPGA/combinational_mux2/combinational_mux2.srcs/constrs_1/new/basys3_master.xdc:53]
Resolution: If [get_<value>] was used to populate the object, check to make sure this command returns at least one valid object.
WARNING: [Vivado 12-584] No ports matched 'LED[3]'. [C:/Users/alica/OneDrive/Desktop/basys3_book_alican/SV_Design_FPGA/combinational_mux2/combinational_mux2.srcs/constrs_1/new/basys3_master.xdc:54]
CRITICAL WARNING: [Common 17-55] 'set_property' expects at least one object. [C:/Users/alica/OneDrive/Desktop/basys3_book_alican/SV_Design_FPGA/combinational_mux2/combinational_mux2.srcs/constrs_1/new/basys3_master.xdc:54]
Resolution: If [get_<value>] was used to populate the object, check to make sure this command returns at least one valid object.
WARNING: [Vivado 12-584] No ports matched 'LED[3]'. [C:/Users/alica/OneDrive/Desktop/basys3_book_alican/SV_Design_FPGA/combinational_mux2/combinational_mux2.srcs/constrs_1/new/basys3_master.xdc:55]
CRITICAL WARNING: [Common 17-55] 'set_property' expects at least one object. [C:/Users/alica/OneDrive/Desktop/basys3_book_alican/SV_Design_FPGA/combinational_mux2/combinational_mux2.srcs/constrs_1/new/basys3_master.xdc:55]
Resolution: If [get_<value>] was used to populate the object, check to make sure this command returns at least one valid object.
WARNING: [Vivado 12-584] No ports matched 'LED[4]'. [C:/Users/alica/OneDrive/Desktop/basys3_book_alican/SV_Design_FPGA/combinational_mux2/combinational_mux2.srcs/constrs_1/new/basys3_master.xdc:56]
CRITICAL WARNING: [Common 17-55] 'set_property' expects at least one object. [C:/Users/alica/OneDrive/Desktop/basys3_book_alican/SV_Design_FPGA/combinational_mux2/combinational_mux2.srcs/constrs_1/new/basys3_master.xdc:56]
Resolution: If [get_<value>] was used to populate the object, check to make sure this command returns at least one valid object.
WARNING: [Vivado 12-584] No ports matched 'LED[4]'. [C:/Users/alica/OneDrive/Desktop/basys3_book_alican/SV_Design_FPGA/combinational_mux2/combinational_mux2.srcs/constrs_1/new/basys3_master.xdc:57]
CRITICAL WARNING: [Common 17-55] 'set_property' expects at least one object. [C:/Users/alica/OneDrive/Desktop/basys3_book_alican/SV_Design_FPGA/combinational_mux2/combinational_mux2.srcs/constrs_1/new/basys3_master.xdc:57]
Resolution: If [get_<value>] was used to populate the object, check to make sure this command returns at least one valid object.
WARNING: [Vivado 12-584] No ports matched 'LED[5]'. [C:/Users/alica/OneDrive/Desktop/basys3_book_alican/SV_Design_FPGA/combinational_mux2/combinational_mux2.srcs/constrs_1/new/basys3_master.xdc:58]
CRITICAL WARNING: [Common 17-55] 'set_property' expects at least one object. [C:/Users/alica/OneDrive/Desktop/basys3_book_alican/SV_Design_FPGA/combinational_mux2/combinational_mux2.srcs/constrs_1/new/basys3_master.xdc:58]
Resolution: If [get_<value>] was used to populate the object, check to make sure this command returns at least one valid object.
WARNING: [Vivado 12-584] No ports matched 'LED[5]'. [C:/Users/alica/OneDrive/Desktop/basys3_book_alican/SV_Design_FPGA/combinational_mux2/combinational_mux2.srcs/constrs_1/new/basys3_master.xdc:59]
CRITICAL WARNING: [Common 17-55] 'set_property' expects at least one object. [C:/Users/alica/OneDrive/Desktop/basys3_book_alican/SV_Design_FPGA/combinational_mux2/combinational_mux2.srcs/constrs_1/new/basys3_master.xdc:59]
Resolution: If [get_<value>] was used to populate the object, check to make sure this command returns at least one valid object.
WARNING: [Vivado 12-584] No ports matched 'LED[6]'. [C:/Users/alica/OneDrive/Desktop/basys3_book_alican/SV_Design_FPGA/combinational_mux2/combinational_mux2.srcs/constrs_1/new/basys3_master.xdc:60]
CRITICAL WARNING: [Common 17-55] 'set_property' expects at least one object. [C:/Users/alica/OneDrive/Desktop/basys3_book_alican/SV_Design_FPGA/combinational_mux2/combinational_mux2.srcs/constrs_1/new/basys3_master.xdc:60]
Resolution: If [get_<value>] was used to populate the object, check to make sure this command returns at least one valid object.
WARNING: [Vivado 12-584] No ports matched 'LED[6]'. [C:/Users/alica/OneDrive/Desktop/basys3_book_alican/SV_Design_FPGA/combinational_mux2/combinational_mux2.srcs/constrs_1/new/basys3_master.xdc:61]
CRITICAL WARNING: [Common 17-55] 'set_property' expects at least one object. [C:/Users/alica/OneDrive/Desktop/basys3_book_alican/SV_Design_FPGA/combinational_mux2/combinational_mux2.srcs/constrs_1/new/basys3_master.xdc:61]
Resolution: If [get_<value>] was used to populate the object, check to make sure this command returns at least one valid object.
WARNING: [Vivado 12-584] No ports matched 'LED[7]'. [C:/Users/alica/OneDrive/Desktop/basys3_book_alican/SV_Design_FPGA/combinational_mux2/combinational_mux2.srcs/constrs_1/new/basys3_master.xdc:62]
CRITICAL WARNING: [Common 17-55] 'set_property' expects at least one object. [C:/Users/alica/OneDrive/Desktop/basys3_book_alican/SV_Design_FPGA/combinational_mux2/combinational_mux2.srcs/constrs_1/new/basys3_master.xdc:62]
Resolution: If [get_<value>] was used to populate the object, check to make sure this command returns at least one valid object.
WARNING: [Vivado 12-584] No ports matched 'LED[7]'. [C:/Users/alica/OneDrive/Desktop/basys3_book_alican/SV_Design_FPGA/combinational_mux2/combinational_mux2.srcs/constrs_1/new/basys3_master.xdc:63]
CRITICAL WARNING: [Common 17-55] 'set_property' expects at least one object. [C:/Users/alica/OneDrive/Desktop/basys3_book_alican/SV_Design_FPGA/combinational_mux2/combinational_mux2.srcs/constrs_1/new/basys3_master.xdc:63]
Resolution: If [get_<value>] was used to populate the object, check to make sure this command returns at least one valid object.
WARNING: [Vivado 12-584] No ports matched 'LED[8]'. [C:/Users/alica/OneDrive/Desktop/basys3_book_alican/SV_Design_FPGA/combinational_mux2/combinational_mux2.srcs/constrs_1/new/basys3_master.xdc:64]
CRITICAL WARNING: [Common 17-55] 'set_property' expects at least one object. [C:/Users/alica/OneDrive/Desktop/basys3_book_alican/SV_Design_FPGA/combinational_mux2/combinational_mux2.srcs/constrs_1/new/basys3_master.xdc:64]
Resolution: If [get_<value>] was used to populate the object, check to make sure this command returns at least one valid object.
WARNING: [Vivado 12-584] No ports matched 'LED[8]'. [C:/Users/alica/OneDrive/Desktop/basys3_book_alican/SV_Design_FPGA/combinational_mux2/combinational_mux2.srcs/constrs_1/new/basys3_master.xdc:65]
CRITICAL WARNING: [Common 17-55] 'set_property' expects at least one object. [C:/Users/alica/OneDrive/Desktop/basys3_book_alican/SV_Design_FPGA/combinational_mux2/combinational_mux2.srcs/constrs_1/new/basys3_master.xdc:65]
Resolution: If [get_<value>] was used to populate the object, check to make sure this command returns at least one valid object.
WARNING: [Vivado 12-584] No ports matched 'LED[9]'. [C:/Users/alica/OneDrive/Desktop/basys3_book_alican/SV_Design_FPGA/combinational_mux2/combinational_mux2.srcs/constrs_1/new/basys3_master.xdc:66]
CRITICAL WARNING: [Common 17-55] 'set_property' expects at least one object. [C:/Users/alica/OneDrive/Desktop/basys3_book_alican/SV_Design_FPGA/combinational_mux2/combinational_mux2.srcs/constrs_1/new/basys3_master.xdc:66]
Resolution: If [get_<value>] was used to populate the object, check to make sure this command returns at least one valid object.
WARNING: [Vivado 12-584] No ports matched 'LED[9]'. [C:/Users/alica/OneDrive/Desktop/basys3_book_alican/SV_Design_FPGA/combinational_mux2/combinational_mux2.srcs/constrs_1/new/basys3_master.xdc:67]
CRITICAL WARNING: [Common 17-55] 'set_property' expects at least one object. [C:/Users/alica/OneDrive/Desktop/basys3_book_alican/SV_Design_FPGA/combinational_mux2/combinational_mux2.srcs/constrs_1/new/basys3_master.xdc:67]
Resolution: If [get_<value>] was used to populate the object, check to make sure this command returns at least one valid object.
WARNING: [Vivado 12-584] No ports matched 'LED[10]'. [C:/Users/alica/OneDrive/Desktop/basys3_book_alican/SV_Design_FPGA/combinational_mux2/combinational_mux2.srcs/constrs_1/new/basys3_master.xdc:68]
CRITICAL WARNING: [Common 17-55] 'set_property' expects at least one object. [C:/Users/alica/OneDrive/Desktop/basys3_book_alican/SV_Design_FPGA/combinational_mux2/combinational_mux2.srcs/constrs_1/new/basys3_master.xdc:68]
Resolution: If [get_<value>] was used to populate the object, check to make sure this command returns at least one valid object.
WARNING: [Vivado 12-584] No ports matched 'LED[10]'. [C:/Users/alica/OneDrive/Desktop/basys3_book_alican/SV_Design_FPGA/combinational_mux2/combinational_mux2.srcs/constrs_1/new/basys3_master.xdc:69]
CRITICAL WARNING: [Common 17-55] 'set_property' expects at least one object. [C:/Users/alica/OneDrive/Desktop/basys3_book_alican/SV_Design_FPGA/combinational_mux2/combinational_mux2.srcs/constrs_1/new/basys3_master.xdc:69]
Resolution: If [get_<value>] was used to populate the object, check to make sure this command returns at least one valid object.
WARNING: [Vivado 12-584] No ports matched 'LED[11]'. [C:/Users/alica/OneDrive/Desktop/basys3_book_alican/SV_Design_FPGA/combinational_mux2/combinational_mux2.srcs/constrs_1/new/basys3_master.xdc:70]
CRITICAL WARNING: [Common 17-55] 'set_property' expects at least one object. [C:/Users/alica/OneDrive/Desktop/basys3_book_alican/SV_Design_FPGA/combinational_mux2/combinational_mux2.srcs/constrs_1/new/basys3_master.xdc:70]
Resolution: If [get_<value>] was used to populate the object, check to make sure this command returns at least one valid object.
WARNING: [Vivado 12-584] No ports matched 'LED[11]'. [C:/Users/alica/OneDrive/Desktop/basys3_book_alican/SV_Design_FPGA/combinational_mux2/combinational_mux2.srcs/constrs_1/new/basys3_master.xdc:71]
CRITICAL WARNING: [Common 17-55] 'set_property' expects at least one object. [C:/Users/alica/OneDrive/Desktop/basys3_book_alican/SV_Design_FPGA/combinational_mux2/combinational_mux2.srcs/constrs_1/new/basys3_master.xdc:71]
Resolution: If [get_<value>] was used to populate the object, check to make sure this command returns at least one valid object.
WARNING: [Vivado 12-584] No ports matched 'LED[12]'. [C:/Users/alica/OneDrive/Desktop/basys3_book_alican/SV_Design_FPGA/combinational_mux2/combinational_mux2.srcs/constrs_1/new/basys3_master.xdc:72]
CRITICAL WARNING: [Common 17-55] 'set_property' expects at least one object. [C:/Users/alica/OneDrive/Desktop/basys3_book_alican/SV_Design_FPGA/combinational_mux2/combinational_mux2.srcs/constrs_1/new/basys3_master.xdc:72]
Resolution: If [get_<value>] was used to populate the object, check to make sure this command returns at least one valid object.
WARNING: [Vivado 12-584] No ports matched 'LED[12]'. [C:/Users/alica/OneDrive/Desktop/basys3_book_alican/SV_Design_FPGA/combinational_mux2/combinational_mux2.srcs/constrs_1/new/basys3_master.xdc:73]
CRITICAL WARNING: [Common 17-55] 'set_property' expects at least one object. [C:/Users/alica/OneDrive/Desktop/basys3_book_alican/SV_Design_FPGA/combinational_mux2/combinational_mux2.srcs/constrs_1/new/basys3_master.xdc:73]
Resolution: If [get_<value>] was used to populate the object, check to make sure this command returns at least one valid object.
WARNING: [Vivado 12-584] No ports matched 'LED[13]'. [C:/Users/alica/OneDrive/Desktop/basys3_book_alican/SV_Design_FPGA/combinational_mux2/combinational_mux2.srcs/constrs_1/new/basys3_master.xdc:74]
CRITICAL WARNING: [Common 17-55] 'set_property' expects at least one object. [C:/Users/alica/OneDrive/Desktop/basys3_book_alican/SV_Design_FPGA/combinational_mux2/combinational_mux2.srcs/constrs_1/new/basys3_master.xdc:74]
Resolution: If [get_<value>] was used to populate the object, check to make sure this command returns at least one valid object.
WARNING: [Vivado 12-584] No ports matched 'LED[13]'. [C:/Users/alica/OneDrive/Desktop/basys3_book_alican/SV_Design_FPGA/combinational_mux2/combinational_mux2.srcs/constrs_1/new/basys3_master.xdc:75]
CRITICAL WARNING: [Common 17-55] 'set_property' expects at least one object. [C:/Users/alica/OneDrive/Desktop/basys3_book_alican/SV_Design_FPGA/combinational_mux2/combinational_mux2.srcs/constrs_1/new/basys3_master.xdc:75]
Resolution: If [get_<value>] was used to populate the object, check to make sure this command returns at least one valid object.
WARNING: [Vivado 12-584] No ports matched 'LED[14]'. [C:/Users/alica/OneDrive/Desktop/basys3_book_alican/SV_Design_FPGA/combinational_mux2/combinational_mux2.srcs/constrs_1/new/basys3_master.xdc:76]
CRITICAL WARNING: [Common 17-55] 'set_property' expects at least one object. [C:/Users/alica/OneDrive/Desktop/basys3_book_alican/SV_Design_FPGA/combinational_mux2/combinational_mux2.srcs/constrs_1/new/basys3_master.xdc:76]
Resolution: If [get_<value>] was used to populate the object, check to make sure this command returns at least one valid object.
WARNING: [Vivado 12-584] No ports matched 'LED[14]'. [C:/Users/alica/OneDrive/Desktop/basys3_book_alican/SV_Design_FPGA/combinational_mux2/combinational_mux2.srcs/constrs_1/new/basys3_master.xdc:77]
CRITICAL WARNING: [Common 17-55] 'set_property' expects at least one object. [C:/Users/alica/OneDrive/Desktop/basys3_book_alican/SV_Design_FPGA/combinational_mux2/combinational_mux2.srcs/constrs_1/new/basys3_master.xdc:77]
Resolution: If [get_<value>] was used to populate the object, check to make sure this command returns at least one valid object.
WARNING: [Vivado 12-584] No ports matched 'LED[15]'. [C:/Users/alica/OneDrive/Desktop/basys3_book_alican/SV_Design_FPGA/combinational_mux2/combinational_mux2.srcs/constrs_1/new/basys3_master.xdc:78]
CRITICAL WARNING: [Common 17-55] 'set_property' expects at least one object. [C:/Users/alica/OneDrive/Desktop/basys3_book_alican/SV_Design_FPGA/combinational_mux2/combinational_mux2.srcs/constrs_1/new/basys3_master.xdc:78]
Resolution: If [get_<value>] was used to populate the object, check to make sure this command returns at least one valid object.
WARNING: [Vivado 12-584] No ports matched 'LED[15]'. [C:/Users/alica/OneDrive/Desktop/basys3_book_alican/SV_Design_FPGA/combinational_mux2/combinational_mux2.srcs/constrs_1/new/basys3_master.xdc:79]
CRITICAL WARNING: [Common 17-55] 'set_property' expects at least one object. [C:/Users/alica/OneDrive/Desktop/basys3_book_alican/SV_Design_FPGA/combinational_mux2/combinational_mux2.srcs/constrs_1/new/basys3_master.xdc:79]
Resolution: If [get_<value>] was used to populate the object, check to make sure this command returns at least one valid object.
WARNING: [Vivado 12-584] No ports matched 'SSEG_CA[0]'. [C:/Users/alica/OneDrive/Desktop/basys3_book_alican/SV_Design_FPGA/combinational_mux2/combinational_mux2.srcs/constrs_1/new/basys3_master.xdc:84]
CRITICAL WARNING: [Common 17-55] 'set_property' expects at least one object. [C:/Users/alica/OneDrive/Desktop/basys3_book_alican/SV_Design_FPGA/combinational_mux2/combinational_mux2.srcs/constrs_1/new/basys3_master.xdc:84]
Resolution: If [get_<value>] was used to populate the object, check to make sure this command returns at least one valid object.
WARNING: [Vivado 12-584] No ports matched 'SSEG_CA[0]'. [C:/Users/alica/OneDrive/Desktop/basys3_book_alican/SV_Design_FPGA/combinational_mux2/combinational_mux2.srcs/constrs_1/new/basys3_master.xdc:85]
CRITICAL WARNING: [Common 17-55] 'set_property' expects at least one object. [C:/Users/alica/OneDrive/Desktop/basys3_book_alican/SV_Design_FPGA/combinational_mux2/combinational_mux2.srcs/constrs_1/new/basys3_master.xdc:85]
Resolution: If [get_<value>] was used to populate the object, check to make sure this command returns at least one valid object.
WARNING: [Vivado 12-584] No ports matched 'SSEG_CA[1]'. [C:/Users/alica/OneDrive/Desktop/basys3_book_alican/SV_Design_FPGA/combinational_mux2/combinational_mux2.srcs/constrs_1/new/basys3_master.xdc:87]
CRITICAL WARNING: [Common 17-55] 'set_property' expects at least one object. [C:/Users/alica/OneDrive/Desktop/basys3_book_alican/SV_Design_FPGA/combinational_mux2/combinational_mux2.srcs/constrs_1/new/basys3_master.xdc:87]
Resolution: If [get_<value>] was used to populate the object, check to make sure this command returns at least one valid object.
WARNING: [Vivado 12-584] No ports matched 'SSEG_CA[1]'. [C:/Users/alica/OneDrive/Desktop/basys3_book_alican/SV_Design_FPGA/combinational_mux2/combinational_mux2.srcs/constrs_1/new/basys3_master.xdc:88]
CRITICAL WARNING: [Common 17-55] 'set_property' expects at least one object. [C:/Users/alica/OneDrive/Desktop/basys3_book_alican/SV_Design_FPGA/combinational_mux2/combinational_mux2.srcs/constrs_1/new/basys3_master.xdc:88]
Resolution: If [get_<value>] was used to populate the object, check to make sure this command returns at least one valid object.
WARNING: [Vivado 12-584] No ports matched 'SSEG_CA[2]'. [C:/Users/alica/OneDrive/Desktop/basys3_book_alican/SV_Design_FPGA/combinational_mux2/combinational_mux2.srcs/constrs_1/new/basys3_master.xdc:90]
CRITICAL WARNING: [Common 17-55] 'set_property' expects at least one object. [C:/Users/alica/OneDrive/Desktop/basys3_book_alican/SV_Design_FPGA/combinational_mux2/combinational_mux2.srcs/constrs_1/new/basys3_master.xdc:90]
Resolution: If [get_<value>] was used to populate the object, check to make sure this command returns at least one valid object.
WARNING: [Vivado 12-584] No ports matched 'SSEG_CA[2]'. [C:/Users/alica/OneDrive/Desktop/basys3_book_alican/SV_Design_FPGA/combinational_mux2/combinational_mux2.srcs/constrs_1/new/basys3_master.xdc:91]
CRITICAL WARNING: [Common 17-55] 'set_property' expects at least one object. [C:/Users/alica/OneDrive/Desktop/basys3_book_alican/SV_Design_FPGA/combinational_mux2/combinational_mux2.srcs/constrs_1/new/basys3_master.xdc:91]
Resolution: If [get_<value>] was used to populate the object, check to make sure this command returns at least one valid object.
WARNING: [Vivado 12-584] No ports matched 'SSEG_CA[3]'. [C:/Users/alica/OneDrive/Desktop/basys3_book_alican/SV_Design_FPGA/combinational_mux2/combinational_mux2.srcs/constrs_1/new/basys3_master.xdc:93]
CRITICAL WARNING: [Common 17-55] 'set_property' expects at least one object. [C:/Users/alica/OneDrive/Desktop/basys3_book_alican/SV_Design_FPGA/combinational_mux2/combinational_mux2.srcs/constrs_1/new/basys3_master.xdc:93]
Resolution: If [get_<value>] was used to populate the object, check to make sure this command returns at least one valid object.
WARNING: [Vivado 12-584] No ports matched 'SSEG_CA[3]'. [C:/Users/alica/OneDrive/Desktop/basys3_book_alican/SV_Design_FPGA/combinational_mux2/combinational_mux2.srcs/constrs_1/new/basys3_master.xdc:94]
CRITICAL WARNING: [Common 17-55] 'set_property' expects at least one object. [C:/Users/alica/OneDrive/Desktop/basys3_book_alican/SV_Design_FPGA/combinational_mux2/combinational_mux2.srcs/constrs_1/new/basys3_master.xdc:94]
Resolution: If [get_<value>] was used to populate the object, check to make sure this command returns at least one valid object.
WARNING: [Vivado 12-584] No ports matched 'SSEG_CA[4]'. [C:/Users/alica/OneDrive/Desktop/basys3_book_alican/SV_Design_FPGA/combinational_mux2/combinational_mux2.srcs/constrs_1/new/basys3_master.xdc:96]
CRITICAL WARNING: [Common 17-55] 'set_property' expects at least one object. [C:/Users/alica/OneDrive/Desktop/basys3_book_alican/SV_Design_FPGA/combinational_mux2/combinational_mux2.srcs/constrs_1/new/basys3_master.xdc:96]
Resolution: If [get_<value>] was used to populate the object, check to make sure this command returns at least one valid object.
WARNING: [Vivado 12-584] No ports matched 'SSEG_CA[4]'. [C:/Users/alica/OneDrive/Desktop/basys3_book_alican/SV_Design_FPGA/combinational_mux2/combinational_mux2.srcs/constrs_1/new/basys3_master.xdc:97]
CRITICAL WARNING: [Common 17-55] 'set_property' expects at least one object. [C:/Users/alica/OneDrive/Desktop/basys3_book_alican/SV_Design_FPGA/combinational_mux2/combinational_mux2.srcs/constrs_1/new/basys3_master.xdc:97]
Resolution: If [get_<value>] was used to populate the object, check to make sure this command returns at least one valid object.
WARNING: [Vivado 12-584] No ports matched 'SSEG_CA[5]'. [C:/Users/alica/OneDrive/Desktop/basys3_book_alican/SV_Design_FPGA/combinational_mux2/combinational_mux2.srcs/constrs_1/new/basys3_master.xdc:99]
CRITICAL WARNING: [Common 17-55] 'set_property' expects at least one object. [C:/Users/alica/OneDrive/Desktop/basys3_book_alican/SV_Design_FPGA/combinational_mux2/combinational_mux2.srcs/constrs_1/new/basys3_master.xdc:99]
Resolution: If [get_<value>] was used to populate the object, check to make sure this command returns at least one valid object.
WARNING: [Vivado 12-584] No ports matched 'SSEG_CA[5]'. [C:/Users/alica/OneDrive/Desktop/basys3_book_alican/SV_Design_FPGA/combinational_mux2/combinational_mux2.srcs/constrs_1/new/basys3_master.xdc:100]
CRITICAL WARNING: [Common 17-55] 'set_property' expects at least one object. [C:/Users/alica/OneDrive/Desktop/basys3_book_alican/SV_Design_FPGA/combinational_mux2/combinational_mux2.srcs/constrs_1/new/basys3_master.xdc:100]
Resolution: If [get_<value>] was used to populate the object, check to make sure this command returns at least one valid object.
WARNING: [Vivado 12-584] No ports matched 'SSEG_CA[6]'. [C:/Users/alica/OneDrive/Desktop/basys3_book_alican/SV_Design_FPGA/combinational_mux2/combinational_mux2.srcs/constrs_1/new/basys3_master.xdc:102]
CRITICAL WARNING: [Common 17-55] 'set_property' expects at least one object. [C:/Users/alica/OneDrive/Desktop/basys3_book_alican/SV_Design_FPGA/combinational_mux2/combinational_mux2.srcs/constrs_1/new/basys3_master.xdc:102]
Resolution: If [get_<value>] was used to populate the object, check to make sure this command returns at least one valid object.
WARNING: [Vivado 12-584] No ports matched 'SSEG_CA[6]'. [C:/Users/alica/OneDrive/Desktop/basys3_book_alican/SV_Design_FPGA/combinational_mux2/combinational_mux2.srcs/constrs_1/new/basys3_master.xdc:103]
CRITICAL WARNING: [Common 17-55] 'set_property' expects at least one object. [C:/Users/alica/OneDrive/Desktop/basys3_book_alican/SV_Design_FPGA/combinational_mux2/combinational_mux2.srcs/constrs_1/new/basys3_master.xdc:103]
Resolution: If [get_<value>] was used to populate the object, check to make sure this command returns at least one valid object.
WARNING: [Vivado 12-584] No ports matched 'SSEG_CA[7]'. [C:/Users/alica/OneDrive/Desktop/basys3_book_alican/SV_Design_FPGA/combinational_mux2/combinational_mux2.srcs/constrs_1/new/basys3_master.xdc:106]
CRITICAL WARNING: [Common 17-55] 'set_property' expects at least one object. [C:/Users/alica/OneDrive/Desktop/basys3_book_alican/SV_Design_FPGA/combinational_mux2/combinational_mux2.srcs/constrs_1/new/basys3_master.xdc:106]
Resolution: If [get_<value>] was used to populate the object, check to make sure this command returns at least one valid object.
WARNING: [Vivado 12-584] No ports matched 'SSEG_CA[7]'. [C:/Users/alica/OneDrive/Desktop/basys3_book_alican/SV_Design_FPGA/combinational_mux2/combinational_mux2.srcs/constrs_1/new/basys3_master.xdc:107]
CRITICAL WARNING: [Common 17-55] 'set_property' expects at least one object. [C:/Users/alica/OneDrive/Desktop/basys3_book_alican/SV_Design_FPGA/combinational_mux2/combinational_mux2.srcs/constrs_1/new/basys3_master.xdc:107]
Resolution: If [get_<value>] was used to populate the object, check to make sure this command returns at least one valid object.
WARNING: [Vivado 12-584] No ports matched 'SSEG_AN[0]'. [C:/Users/alica/OneDrive/Desktop/basys3_book_alican/SV_Design_FPGA/combinational_mux2/combinational_mux2.srcs/constrs_1/new/basys3_master.xdc:110]
CRITICAL WARNING: [Common 17-55] 'set_property' expects at least one object. [C:/Users/alica/OneDrive/Desktop/basys3_book_alican/SV_Design_FPGA/combinational_mux2/combinational_mux2.srcs/constrs_1/new/basys3_master.xdc:110]
Resolution: If [get_<value>] was used to populate the object, check to make sure this command returns at least one valid object.
WARNING: [Vivado 12-584] No ports matched 'SSEG_AN[0]'. [C:/Users/alica/OneDrive/Desktop/basys3_book_alican/SV_Design_FPGA/combinational_mux2/combinational_mux2.srcs/constrs_1/new/basys3_master.xdc:111]
CRITICAL WARNING: [Common 17-55] 'set_property' expects at least one object. [C:/Users/alica/OneDrive/Desktop/basys3_book_alican/SV_Design_FPGA/combinational_mux2/combinational_mux2.srcs/constrs_1/new/basys3_master.xdc:111]
Resolution: If [get_<value>] was used to populate the object, check to make sure this command returns at least one valid object.
WARNING: [Vivado 12-584] No ports matched 'SSEG_AN[1]'. [C:/Users/alica/OneDrive/Desktop/basys3_book_alican/SV_Design_FPGA/combinational_mux2/combinational_mux2.srcs/constrs_1/new/basys3_master.xdc:113]
CRITICAL WARNING: [Common 17-55] 'set_property' expects at least one object. [C:/Users/alica/OneDrive/Desktop/basys3_book_alican/SV_Design_FPGA/combinational_mux2/combinational_mux2.srcs/constrs_1/new/basys3_master.xdc:113]
Resolution: If [get_<value>] was used to populate the object, check to make sure this command returns at least one valid object.
WARNING: [Vivado 12-584] No ports matched 'SSEG_AN[1]'. [C:/Users/alica/OneDrive/Desktop/basys3_book_alican/SV_Design_FPGA/combinational_mux2/combinational_mux2.srcs/constrs_1/new/basys3_master.xdc:114]
CRITICAL WARNING: [Common 17-55] 'set_property' expects at least one object. [C:/Users/alica/OneDrive/Desktop/basys3_book_alican/SV_Design_FPGA/combinational_mux2/combinational_mux2.srcs/constrs_1/new/basys3_master.xdc:114]
Resolution: If [get_<value>] was used to populate the object, check to make sure this command returns at least one valid object.
WARNING: [Vivado 12-584] No ports matched 'SSEG_AN[2]'. [C:/Users/alica/OneDrive/Desktop/basys3_book_alican/SV_Design_FPGA/combinational_mux2/combinational_mux2.srcs/constrs_1/new/basys3_master.xdc:116]
CRITICAL WARNING: [Common 17-55] 'set_property' expects at least one object. [C:/Users/alica/OneDrive/Desktop/basys3_book_alican/SV_Design_FPGA/combinational_mux2/combinational_mux2.srcs/constrs_1/new/basys3_master.xdc:116]
Resolution: If [get_<value>] was used to populate the object, check to make sure this command returns at least one valid object.
WARNING: [Vivado 12-584] No ports matched 'SSEG_AN[2]'. [C:/Users/alica/OneDrive/Desktop/basys3_book_alican/SV_Design_FPGA/combinational_mux2/combinational_mux2.srcs/constrs_1/new/basys3_master.xdc:117]
CRITICAL WARNING: [Common 17-55] 'set_property' expects at least one object. [C:/Users/alica/OneDrive/Desktop/basys3_book_alican/SV_Design_FPGA/combinational_mux2/combinational_mux2.srcs/constrs_1/new/basys3_master.xdc:117]
Resolution: If [get_<value>] was used to populate the object, check to make sure this command returns at least one valid object.
WARNING: [Vivado 12-584] No ports matched 'SSEG_AN[3]'. [C:/Users/alica/OneDrive/Desktop/basys3_book_alican/SV_Design_FPGA/combinational_mux2/combinational_mux2.srcs/constrs_1/new/basys3_master.xdc:119]
CRITICAL WARNING: [Common 17-55] 'set_property' expects at least one object. [C:/Users/alica/OneDrive/Desktop/basys3_book_alican/SV_Design_FPGA/combinational_mux2/combinational_mux2.srcs/constrs_1/new/basys3_master.xdc:119]
Resolution: If [get_<value>] was used to populate the object, check to make sure this command returns at least one valid object.
WARNING: [Vivado 12-584] No ports matched 'SSEG_AN[3]'. [C:/Users/alica/OneDrive/Desktop/basys3_book_alican/SV_Design_FPGA/combinational_mux2/combinational_mux2.srcs/constrs_1/new/basys3_master.xdc:120]
CRITICAL WARNING: [Common 17-55] 'set_property' expects at least one object. [C:/Users/alica/OneDrive/Desktop/basys3_book_alican/SV_Design_FPGA/combinational_mux2/combinational_mux2.srcs/constrs_1/new/basys3_master.xdc:120]
Resolution: If [get_<value>] was used to populate the object, check to make sure this command returns at least one valid object.
WARNING: [Vivado 12-584] No ports matched 'BTN[4]'. [C:/Users/alica/OneDrive/Desktop/basys3_book_alican/SV_Design_FPGA/combinational_mux2/combinational_mux2.srcs/constrs_1/new/basys3_master.xdc:125]
CRITICAL WARNING: [Common 17-55] 'set_property' expects at least one object. [C:/Users/alica/OneDrive/Desktop/basys3_book_alican/SV_Design_FPGA/combinational_mux2/combinational_mux2.srcs/constrs_1/new/basys3_master.xdc:125]
Resolution: If [get_<value>] was used to populate the object, check to make sure this command returns at least one valid object.
WARNING: [Vivado 12-584] No ports matched 'BTN[4]'. [C:/Users/alica/OneDrive/Desktop/basys3_book_alican/SV_Design_FPGA/combinational_mux2/combinational_mux2.srcs/constrs_1/new/basys3_master.xdc:126]
CRITICAL WARNING: [Common 17-55] 'set_property' expects at least one object. [C:/Users/alica/OneDrive/Desktop/basys3_book_alican/SV_Design_FPGA/combinational_mux2/combinational_mux2.srcs/constrs_1/new/basys3_master.xdc:126]
Resolution: If [get_<value>] was used to populate the object, check to make sure this command returns at least one valid object.
WARNING: [Vivado 12-584] No ports matched 'BTN[0]'. [C:/Users/alica/OneDrive/Desktop/basys3_book_alican/SV_Design_FPGA/combinational_mux2/combinational_mux2.srcs/constrs_1/new/basys3_master.xdc:128]
CRITICAL WARNING: [Common 17-55] 'set_property' expects at least one object. [C:/Users/alica/OneDrive/Desktop/basys3_book_alican/SV_Design_FPGA/combinational_mux2/combinational_mux2.srcs/constrs_1/new/basys3_master.xdc:128]
Resolution: If [get_<value>] was used to populate the object, check to make sure this command returns at least one valid object.
WARNING: [Vivado 12-584] No ports matched 'BTN[0]'. [C:/Users/alica/OneDrive/Desktop/basys3_book_alican/SV_Design_FPGA/combinational_mux2/combinational_mux2.srcs/constrs_1/new/basys3_master.xdc:129]
CRITICAL WARNING: [Common 17-55] 'set_property' expects at least one object. [C:/Users/alica/OneDrive/Desktop/basys3_book_alican/SV_Design_FPGA/combinational_mux2/combinational_mux2.srcs/constrs_1/new/basys3_master.xdc:129]
Resolution: If [get_<value>] was used to populate the object, check to make sure this command returns at least one valid object.
WARNING: [Vivado 12-584] No ports matched 'BTN[1]'. [C:/Users/alica/OneDrive/Desktop/basys3_book_alican/SV_Design_FPGA/combinational_mux2/combinational_mux2.srcs/constrs_1/new/basys3_master.xdc:131]
CRITICAL WARNING: [Common 17-55] 'set_property' expects at least one object. [C:/Users/alica/OneDrive/Desktop/basys3_book_alican/SV_Design_FPGA/combinational_mux2/combinational_mux2.srcs/constrs_1/new/basys3_master.xdc:131]
Resolution: If [get_<value>] was used to populate the object, check to make sure this command returns at least one valid object.
WARNING: [Vivado 12-584] No ports matched 'BTN[1]'. [C:/Users/alica/OneDrive/Desktop/basys3_book_alican/SV_Design_FPGA/combinational_mux2/combinational_mux2.srcs/constrs_1/new/basys3_master.xdc:132]
CRITICAL WARNING: [Common 17-55] 'set_property' expects at least one object. [C:/Users/alica/OneDrive/Desktop/basys3_book_alican/SV_Design_FPGA/combinational_mux2/combinational_mux2.srcs/constrs_1/new/basys3_master.xdc:132]
Resolution: If [get_<value>] was used to populate the object, check to make sure this command returns at least one valid object.
WARNING: [Vivado 12-584] No ports matched 'BTN[2]'. [C:/Users/alica/OneDrive/Desktop/basys3_book_alican/SV_Design_FPGA/combinational_mux2/combinational_mux2.srcs/constrs_1/new/basys3_master.xdc:134]
CRITICAL WARNING: [Common 17-55] 'set_property' expects at least one object. [C:/Users/alica/OneDrive/Desktop/basys3_book_alican/SV_Design_FPGA/combinational_mux2/combinational_mux2.srcs/constrs_1/new/basys3_master.xdc:134]
Resolution: If [get_<value>] was used to populate the object, check to make sure this command returns at least one valid object.
WARNING: [Vivado 12-584] No ports matched 'BTN[2]'. [C:/Users/alica/OneDrive/Desktop/basys3_book_alican/SV_Design_FPGA/combinational_mux2/combinational_mux2.srcs/constrs_1/new/basys3_master.xdc:135]
CRITICAL WARNING: [Common 17-55] 'set_property' expects at least one object. [C:/Users/alica/OneDrive/Desktop/basys3_book_alican/SV_Design_FPGA/combinational_mux2/combinational_mux2.srcs/constrs_1/new/basys3_master.xdc:135]
Resolution: If [get_<value>] was used to populate the object, check to make sure this command returns at least one valid object.
WARNING: [Vivado 12-584] No ports matched 'BTN[3]'. [C:/Users/alica/OneDrive/Desktop/basys3_book_alican/SV_Design_FPGA/combinational_mux2/combinational_mux2.srcs/constrs_1/new/basys3_master.xdc:137]
CRITICAL WARNING: [Common 17-55] 'set_property' expects at least one object. [C:/Users/alica/OneDrive/Desktop/basys3_book_alican/SV_Design_FPGA/combinational_mux2/combinational_mux2.srcs/constrs_1/new/basys3_master.xdc:137]
Resolution: If [get_<value>] was used to populate the object, check to make sure this command returns at least one valid object.
WARNING: [Vivado 12-584] No ports matched 'BTN[3]'. [C:/Users/alica/OneDrive/Desktop/basys3_book_alican/SV_Design_FPGA/combinational_mux2/combinational_mux2.srcs/constrs_1/new/basys3_master.xdc:138]
CRITICAL WARNING: [Common 17-55] 'set_property' expects at least one object. [C:/Users/alica/OneDrive/Desktop/basys3_book_alican/SV_Design_FPGA/combinational_mux2/combinational_mux2.srcs/constrs_1/new/basys3_master.xdc:138]
Resolution: If [get_<value>] was used to populate the object, check to make sure this command returns at least one valid object.
WARNING: [Vivado 12-584] No ports matched 'VGA_RED[0]'. [C:/Users/alica/OneDrive/Desktop/basys3_book_alican/SV_Design_FPGA/combinational_mux2/combinational_mux2.srcs/constrs_1/new/basys3_master.xdc:255]
CRITICAL WARNING: [Common 17-55] 'set_property' expects at least one object. [C:/Users/alica/OneDrive/Desktop/basys3_book_alican/SV_Design_FPGA/combinational_mux2/combinational_mux2.srcs/constrs_1/new/basys3_master.xdc:255]
Resolution: If [get_<value>] was used to populate the object, check to make sure this command returns at least one valid object.
WARNING: [Vivado 12-584] No ports matched 'VGA_RED[0]'. [C:/Users/alica/OneDrive/Desktop/basys3_book_alican/SV_Design_FPGA/combinational_mux2/combinational_mux2.srcs/constrs_1/new/basys3_master.xdc:256]
CRITICAL WARNING: [Common 17-55] 'set_property' expects at least one object. [C:/Users/alica/OneDrive/Desktop/basys3_book_alican/SV_Design_FPGA/combinational_mux2/combinational_mux2.srcs/constrs_1/new/basys3_master.xdc:256]
Resolution: If [get_<value>] was used to populate the object, check to make sure this command returns at least one valid object.
WARNING: [Vivado 12-584] No ports matched 'VGA_RED[1]'. [C:/Users/alica/OneDrive/Desktop/basys3_book_alican/SV_Design_FPGA/combinational_mux2/combinational_mux2.srcs/constrs_1/new/basys3_master.xdc:258]
CRITICAL WARNING: [Common 17-55] 'set_property' expects at least one object. [C:/Users/alica/OneDrive/Desktop/basys3_book_alican/SV_Design_FPGA/combinational_mux2/combinational_mux2.srcs/constrs_1/new/basys3_master.xdc:258]
Resolution: If [get_<value>] was used to populate the object, check to make sure this command returns at least one valid object.
WARNING: [Vivado 12-584] No ports matched 'VGA_RED[1]'. [C:/Users/alica/OneDrive/Desktop/basys3_book_alican/SV_Design_FPGA/combinational_mux2/combinational_mux2.srcs/constrs_1/new/basys3_master.xdc:259]
CRITICAL WARNING: [Common 17-55] 'set_property' expects at least one object. [C:/Users/alica/OneDrive/Desktop/basys3_book_alican/SV_Design_FPGA/combinational_mux2/combinational_mux2.srcs/constrs_1/new/basys3_master.xdc:259]
Resolution: If [get_<value>] was used to populate the object, check to make sure this command returns at least one valid object.
WARNING: [Vivado 12-584] No ports matched 'VGA_RED[2]'. [C:/Users/alica/OneDrive/Desktop/basys3_book_alican/SV_Design_FPGA/combinational_mux2/combinational_mux2.srcs/constrs_1/new/basys3_master.xdc:261]
CRITICAL WARNING: [Common 17-55] 'set_property' expects at least one object. [C:/Users/alica/OneDrive/Desktop/basys3_book_alican/SV_Design_FPGA/combinational_mux2/combinational_mux2.srcs/constrs_1/new/basys3_master.xdc:261]
Resolution: If [get_<value>] was used to populate the object, check to make sure this command returns at least one valid object.
WARNING: [Vivado 12-584] No ports matched 'VGA_RED[2]'. [C:/Users/alica/OneDrive/Desktop/basys3_book_alican/SV_Design_FPGA/combinational_mux2/combinational_mux2.srcs/constrs_1/new/basys3_master.xdc:262]
CRITICAL WARNING: [Common 17-55] 'set_property' expects at least one object. [C:/Users/alica/OneDrive/Desktop/basys3_book_alican/SV_Design_FPGA/combinational_mux2/combinational_mux2.srcs/constrs_1/new/basys3_master.xdc:262]
Resolution: If [get_<value>] was used to populate the object, check to make sure this command returns at least one valid object.
WARNING: [Vivado 12-584] No ports matched 'VGA_RED[3]'. [C:/Users/alica/OneDrive/Desktop/basys3_book_alican/SV_Design_FPGA/combinational_mux2/combinational_mux2.srcs/constrs_1/new/basys3_master.xdc:264]
INFO: [Common 17-14] Message 'Vivado 12-584' appears 100 times and further instances of the messages will be disabled. Use the Tcl command set_msg_config to change the current settings. [C:/Users/alica/OneDrive/Desktop/basys3_book_alican/SV_Design_FPGA/combinational_mux2/combinational_mux2.srcs/constrs_1/new/basys3_master.xdc:264]
CRITICAL WARNING: [Common 17-55] 'set_property' expects at least one object. [C:/Users/alica/OneDrive/Desktop/basys3_book_alican/SV_Design_FPGA/combinational_mux2/combinational_mux2.srcs/constrs_1/new/basys3_master.xdc:264]
Resolution: If [get_<value>] was used to populate the object, check to make sure this command returns at least one valid object.
CRITICAL WARNING: [Common 17-55] 'set_property' expects at least one object. [C:/Users/alica/OneDrive/Desktop/basys3_book_alican/SV_Design_FPGA/combinational_mux2/combinational_mux2.srcs/constrs_1/new/basys3_master.xdc:265]
Resolution: If [get_<value>] was used to populate the object, check to make sure this command returns at least one valid object.
Finished Parsing XDC File [C:/Users/alica/OneDrive/Desktop/basys3_book_alican/SV_Design_FPGA/combinational_mux2/combinational_mux2.srcs/constrs_1/new/basys3_master.xdc]
INFO: [Project 1-236] Implementation specific constraints were found while reading constraint file [C:/Users/alica/OneDrive/Desktop/basys3_book_alican/SV_Design_FPGA/combinational_mux2/combinational_mux2.srcs/constrs_1/new/basys3_master.xdc]. These constraints will be ignored for synthesis but will be used in implementation. Impacted constraints are listed in the file [.Xil/mux2_top_propImpl.xdc].
Resolution: To avoid this warning, move constraints listed in [.Xil/mux2_top_propImpl.xdc] to another XDC file and exclude this new file from synthesis with the used_in_synthesis property (File Properties dialog in GUI) and re-run elaboration/synthesis.
Completed Processing XDC Constraints

Netlist sorting complete. Time (s): cpu = 00:00:00 ; elapsed = 00:00:00 . Memory (MB): peak = 1015.875 ; gain = 0.000
INFO: [Project 1-111] Unisim Transformation Summary:
No Unisim elements were transformed.

Constraint Validation Runtime : Time (s): cpu = 00:00:00 ; elapsed = 00:00:00.007 . Memory (MB): peak = 1015.875 ; gain = 0.000
---------------------------------------------------------------------------------
Finished Constraint Validation : Time (s): cpu = 00:00:16 ; elapsed = 00:00:18 . Memory (MB): peak = 1015.875 ; gain = 0.000
---------------------------------------------------------------------------------
---------------------------------------------------------------------------------
Start Loading Part and Timing Information
---------------------------------------------------------------------------------
Loading part: xc7a35tcpg236-1
---------------------------------------------------------------------------------
Finished Loading Part and Timing Information : Time (s): cpu = 00:00:16 ; elapsed = 00:00:18 . Memory (MB): peak = 1015.875 ; gain = 0.000
---------------------------------------------------------------------------------
---------------------------------------------------------------------------------
Start Applying 'set_property' XDC Constraints
---------------------------------------------------------------------------------
---------------------------------------------------------------------------------
Finished applying 'set_property' XDC Constraints : Time (s): cpu = 00:00:16 ; elapsed = 00:00:18 . Memory (MB): peak = 1015.875 ; gain = 0.000
---------------------------------------------------------------------------------
---------------------------------------------------------------------------------
Finished RTL Optimization Phase 2 : Time (s): cpu = 00:00:17 ; elapsed = 00:00:18 . Memory (MB): peak = 1015.875 ; gain = 0.000
---------------------------------------------------------------------------------
---------------------------------------------------------------------------------
Start RTL Component Statistics 
---------------------------------------------------------------------------------
Detailed RTL Component Info : 
+---Muxes : 
	   2 Input    1 Bit        Muxes := 1     
---------------------------------------------------------------------------------
Finished RTL Component Statistics 
---------------------------------------------------------------------------------
---------------------------------------------------------------------------------
Start Part Resource Summary
---------------------------------------------------------------------------------
Part Resources:
DSPs: 90 (col length:60)
BRAMs: 100 (col length: RAMB18 60 RAMB36 30)
---------------------------------------------------------------------------------
Finished Part Resource Summary
---------------------------------------------------------------------------------
---------------------------------------------------------------------------------
Start Cross Boundary and Area Optimization
---------------------------------------------------------------------------------
---------------------------------------------------------------------------------
Finished Cross Boundary and Area Optimization : Time (s): cpu = 00:00:19 ; elapsed = 00:00:20 . Memory (MB): peak = 1015.875 ; gain = 0.000
---------------------------------------------------------------------------------
---------------------------------------------------------------------------------
Start Applying XDC Timing Constraints
---------------------------------------------------------------------------------
---------------------------------------------------------------------------------
Finished Applying XDC Timing Constraints : Time (s): cpu = 00:00:27 ; elapsed = 00:00:29 . Memory (MB): peak = 1015.875 ; gain = 0.000
---------------------------------------------------------------------------------
---------------------------------------------------------------------------------
Start Timing Optimization
---------------------------------------------------------------------------------
---------------------------------------------------------------------------------
Finished Timing Optimization : Time (s): cpu = 00:00:27 ; elapsed = 00:00:29 . Memory (MB): peak = 1015.875 ; gain = 0.000
---------------------------------------------------------------------------------
---------------------------------------------------------------------------------
Start Technology Mapping
---------------------------------------------------------------------------------
---------------------------------------------------------------------------------
Finished Technology Mapping : Time (s): cpu = 00:00:27 ; elapsed = 00:00:29 . Memory (MB): peak = 1015.875 ; gain = 0.000
---------------------------------------------------------------------------------
---------------------------------------------------------------------------------
Start IO Insertion
---------------------------------------------------------------------------------
---------------------------------------------------------------------------------
Start Flattening Before IO Insertion
---------------------------------------------------------------------------------
---------------------------------------------------------------------------------
Finished Flattening Before IO Insertion
---------------------------------------------------------------------------------
---------------------------------------------------------------------------------
Start Final Netlist Cleanup
---------------------------------------------------------------------------------
---------------------------------------------------------------------------------
Finished Final Netlist Cleanup
---------------------------------------------------------------------------------
---------------------------------------------------------------------------------
Finished IO Insertion : Time (s): cpu = 00:00:33 ; elapsed = 00:00:35 . Memory (MB): peak = 1015.875 ; gain = 0.000
---------------------------------------------------------------------------------
---------------------------------------------------------------------------------
Start Renaming Generated Instances
---------------------------------------------------------------------------------
---------------------------------------------------------------------------------
Finished Renaming Generated Instances : Time (s): cpu = 00:00:33 ; elapsed = 00:00:35 . Memory (MB): peak = 1015.875 ; gain = 0.000
---------------------------------------------------------------------------------
---------------------------------------------------------------------------------
Start Rebuilding User Hierarchy
---------------------------------------------------------------------------------
---------------------------------------------------------------------------------
Finished Rebuilding User Hierarchy : Time (s): cpu = 00:00:33 ; elapsed = 00:00:35 . Memory (MB): peak = 1015.875 ; gain = 0.000
---------------------------------------------------------------------------------
---------------------------------------------------------------------------------
Start Renaming Generated Ports
---------------------------------------------------------------------------------
---------------------------------------------------------------------------------
Finished Renaming Generated Ports : Time (s): cpu = 00:00:33 ; elapsed = 00:00:35 . Memory (MB): peak = 1015.875 ; gain = 0.000
---------------------------------------------------------------------------------
---------------------------------------------------------------------------------
Start Handling Custom Attributes
---------------------------------------------------------------------------------
---------------------------------------------------------------------------------
Finished Handling Custom Attributes : Time (s): cpu = 00:00:33 ; elapsed = 00:00:35 . Memory (MB): peak = 1015.875 ; gain = 0.000
---------------------------------------------------------------------------------
---------------------------------------------------------------------------------
Start Renaming Generated Nets
---------------------------------------------------------------------------------
---------------------------------------------------------------------------------
Finished Renaming Generated Nets : Time (s): cpu = 00:00:33 ; elapsed = 00:00:35 . Memory (MB): peak = 1015.875 ; gain = 0.000
---------------------------------------------------------------------------------
---------------------------------------------------------------------------------
Start Writing Synthesis Report
---------------------------------------------------------------------------------

Report BlackBoxes: 
+-+--------------+----------+
| |BlackBox name |Instances |
+-+--------------+----------+
+-+--------------+----------+

Report Cell Usage: 
+------+-----+------+
|      |Cell |Count |
+------+-----+------+
|1     |LUT3 |     1|
|2     |IBUF |     3|
|3     |OBUF |     1|
+------+-----+------+
---------------------------------------------------------------------------------
Finished Writing Synthesis Report : Time (s): cpu = 00:00:33 ; elapsed = 00:00:35 . Memory (MB): peak = 1015.875 ; gain = 0.000
---------------------------------------------------------------------------------
Synthesis finished with 0 errors, 0 critical warnings and 0 warnings.
Synthesis Optimization Runtime : Time (s): cpu = 00:00:23 ; elapsed = 00:00:32 . Memory (MB): peak = 1015.875 ; gain = 0.000
Synthesis Optimization Complete : Time (s): cpu = 00:00:33 ; elapsed = 00:00:35 . Memory (MB): peak = 1015.875 ; gain = 0.000
INFO: [Project 1-571] Translating synthesized netlist
Netlist sorting complete. Time (s): cpu = 00:00:00 ; elapsed = 00:00:00 . Memory (MB): peak = 1015.875 ; gain = 0.000
INFO: [Project 1-570] Preparing netlist for logic optimization
INFO: [Opt 31-138] Pushed 0 inverter(s) to 0 load pin(s).
Netlist sorting complete. Time (s): cpu = 00:00:00 ; elapsed = 00:00:00 . Memory (MB): peak = 1015.875 ; gain = 0.000
INFO: [Project 1-111] Unisim Transformation Summary:
No Unisim elements were transformed.

INFO: [Common 17-83] Releasing license: Synthesis
16 Infos, 100 Warnings, 101 Critical Warnings and 0 Errors encountered.
synth_design completed successfully
synth_design: Time (s): cpu = 00:00:39 ; elapsed = 00:00:51 . Memory (MB): peak = 1015.875 ; gain = 0.000
INFO: [Common 17-1381] The checkpoint 'C:/Users/alica/OneDrive/Desktop/basys3_book_alican/SV_Design_FPGA/combinational_mux2/combinational_mux2.runs/synth_1/mux2_top.dcp' has been generated.
INFO: [runtcl-4] Executing : report_utilization -file mux2_top_utilization_synth.rpt -pb mux2_top_utilization_synth.pb
INFO: [Common 17-206] Exiting Vivado at Sat May  8 16:45:59 2021...
